# JRE version: Java(TM) SE Runtime Environment (8.0_351-b10) (build 1.8.0_351-b10)
# Java VM: Java HotSpot(TM) 64-Bit Server VM (25.351-b10 mixed mode windows-amd64 compressed oops)
Heap:
 PSYoungGen      total 35328K, used 34275K [0x00000000d8d80000, 0x00000000dd280000, 0x0000000100000000)
  eden space 30720K, 96% used [0x00000000d8d80000,0x00000000daa80498,0x00000000dab80000)
  from space 4608K, 99% used [0x00000000db000000,0x00000000db4787a0,0x00000000db480000)
  to   space 4608K, 0% used [0x00000000dab80000,0x00000000dab80000,0x00000000db000000)
 ParOldGen       total 80896K, used 3427K [0x000000008a800000, 0x000000008f700000, 0x00000000d8d80000)
  object space 80896K, 4% used [0x000000008a800000,0x000000008ab58d80,0x000000008f700000)
 Metaspace       used 15094K, capacity 15422K, committed 15616K, reserved 1062912K
  class space    used 1844K, capacity 1948K, committed 2048K, reserved 1048576K
GC Heap History (4 events):
Event: 0.535 GC heap before
{Heap before GC invocations=1 (full 0):
 PSYoungGen      total 35328K, used 30720K [0x00000000d8d80000, 0x00000000db480000, 0x0000000100000000)
  eden space 30720K, 100% used [0x00000000d8d80000,0x00000000dab80000,0x00000000dab80000)
  from space 4608K, 0% used [0x00000000db000000,0x00000000db000000,0x00000000db480000)
  to   space 4608K, 0% used [0x00000000dab80000,0x00000000dab80000,0x00000000db000000)
 ParOldGen       total 80896K, used 0K [0x000000008a800000, 0x000000008f700000, 0x00000000d8d80000)
  object space 80896K, 0% used [0x000000008a800000,0x000000008a800000,0x000000008f700000)
 Metaspace       used 8244K, capacity 8412K, committed 8576K, reserved 1056768K
  class space    used 999K, capacity 1080K, committed 1152K, reserved 1048576K
Event: 0.540 GC heap after
Heap after GC invocations=1 (full 0):
 PSYoungGen      total 35328K, used 4604K [0x00000000d8d80000, 0x00000000db480000, 0x0000000100000000)
  eden space 30720K, 0% used [0x00000000d8d80000,0x00000000d8d80000,0x00000000dab80000)
  from space 4608K, 99% used [0x00000000dab80000,0x00000000dafff070,0x00000000db000000)
  to   space 4608K, 0% used [0x00000000db000000,0x00000000db000000,0x00000000db480000)
 ParOldGen       total 80896K, used 788K [0x000000008a800000, 0x000000008f700000, 0x00000000d8d80000)
  object space 80896K, 0% used [0x000000008a800000,0x000000008a8c5170,0x000000008f700000)
 Metaspace       used 8244K, capacity 8412K, committed 8576K, reserved 1056768K
  class space    used 999K, capacity 1080K, committed 1152K, reserved 1048576K
}
Event: 0.828 GC heap before
{Heap before GC invocations=2 (full 0):
 PSYoungGen      total 35328K, used 35324K [0x00000000d8d80000, 0x00000000db480000, 0x0000000100000000)
  eden space 30720K, 100% used [0x00000000d8d80000,0x00000000dab80000,0x00000000dab80000)
  from space 4608K, 99% used [0x00000000dab80000,0x00000000dafff070,0x00000000db000000)
  to   space 4608K, 0% used [0x00000000db000000,0x00000000db000000,0x00000000db480000)
 ParOldGen       total 80896K, used 788K [0x000000008a800000, 0x000000008f700000, 0x00000000d8d80000)
  object space 80896K, 0% used [0x000000008a800000,0x000000008a8c5170,0x000000008f700000)
 Metaspace       used 11579K, capacity 11772K, committed 12032K, reserved 1060864K
  class space    used 1434K, capacity 1511K, committed 1536K, reserved 1048576K
Event: 0.834 GC heap after
Heap after GC invocations=2 (full 0):
 PSYoungGen      total 35328K, used 4577K [0x00000000d8d80000, 0x00000000dd280000, 0x0000000100000000)
  eden space 30720K, 0% used [0x00000000d8d80000,0x00000000d8d80000,0x00000000dab80000)
  from space 4608K, 99% used [0x00000000db000000,0x00000000db4787a0,0x00000000db480000)
  to   space 4608K, 0% used [0x00000000dab80000,0x00000000dab80000,0x00000000db000000)
 ParOldGen       total 80896K, used 3427K [0x000000008a800000, 0x000000008f700000, 0x00000000d8d80000)
  object space 80896K, 4% used [0x000000008a800000,0x000000008ab58d80,0x000000008f700000)
 Metaspace       used 11579K, capacity 11772K, committed 12032K, reserved 1060864K
  class space    used 1434K, capacity 1511K, committed 1536K, reserved 1048576K
}

